[2026-03-06 13:14:44] tg_controller [INFO] setup_telegram_logging:83 - ======================================================================
[2026-03-06 13:14:44] tg_controller [INFO] setup_telegram_logging:84 - TELEGRAM BOT LOGGING INICIALIZADO
[2026-03-06 13:14:44] tg_controller [INFO] setup_telegram_logging:85 - Fecha/Hora: 2026-03-06 13:14:44
[2026-03-06 13:14:44] tg_controller [INFO] setup_telegram_logging:86 - Logs completos: logs\telegram_full.log
[2026-03-06 13:14:44] tg_controller [INFO] setup_telegram_logging:87 - Solo errores: logs\telegram_errors.log
[2026-03-06 13:14:44] tg_controller [INFO] setup_telegram_logging:88 - ======================================================================
[2026-03-06 13:14:44] tg_controller [INFO] verify_setup:104 - [VERIFY] Test de logging exitoso
[2026-03-06 13:16:12] tg_controller [INFO] setup_telegram_logging:83 - ======================================================================
[2026-03-06 13:16:12] tg_controller [INFO] setup_telegram_logging:84 - TELEGRAM BOT LOGGING INICIALIZADO
[2026-03-06 13:16:12] tg_controller [INFO] setup_telegram_logging:85 - Fecha/Hora: 2026-03-06 13:16:12
[2026-03-06 13:16:12] tg_controller [INFO] setup_telegram_logging:86 - Logs completos: logs\telegram_full.log
[2026-03-06 13:16:12] tg_controller [INFO] setup_telegram_logging:87 - Solo errores: logs\telegram_errors.log
[2026-03-06 13:16:12] tg_controller [INFO] setup_telegram_logging:88 - ======================================================================
[2026-03-06 13:16:16] tg_controller [INFO] run_telegram_bot:1114 - [INIT] Iniciando Telegram bot controller...
[2026-03-06 13:16:16] tg_controller [INFO] run_telegram_bot:1123 - [INIT] BOT_INSTANCE asignado correctamente
[2026-03-06 13:16:17] tg_controller [INFO] run_telegram_bot:1135 - [INIT] Registrando 30 comandos...
[2026-03-06 13:16:17] tg_controller [INFO] run_telegram_bot:1142 - [INIT] Registrando CallbackQueryHandler para botones inline
[2026-03-06 13:16:17] tg_controller [INFO] run_telegram_bot:1145 - ✅ Telegram bot iniciado — 30 comandos + inline buttons
[2026-03-06 13:16:17] tg_controller [INFO] run_telegram_bot:1146 - [INIT] ⏳ Polling iniciado - esperando mensajes y interacciones de usuarios...
[2026-03-06 13:16:18] tg_controller [INFO] _post_init:1106 - ✅ 30 comandos registrados en BotFather
[2026-03-06 13:27:43] tg_controller [INFO] setup_telegram_logging:83 - ======================================================================
[2026-03-06 13:27:43] tg_controller [INFO] setup_telegram_logging:84 - TELEGRAM BOT LOGGING INICIALIZADO
[2026-03-06 13:27:43] tg_controller [INFO] setup_telegram_logging:85 - Fecha/Hora: 2026-03-06 13:27:43
[2026-03-06 13:27:43] tg_controller [INFO] setup_telegram_logging:86 - Logs completos: logs\telegram_full.log
[2026-03-06 13:27:43] tg_controller [INFO] setup_telegram_logging:87 - Solo errores: logs\telegram_errors.log
[2026-03-06 13:27:43] tg_controller [INFO] setup_telegram_logging:88 - ======================================================================
[2026-03-06 13:27:47] tg_controller [INFO] run_telegram_bot:1144 - [INIT] Iniciando Telegram bot controller...
[2026-03-06 13:27:47] tg_controller [INFO] run_telegram_bot:1153 - [INIT] BOT_INSTANCE asignado correctamente
[2026-03-06 13:27:48] tg_controller [INFO] run_telegram_bot:1165 - [INIT] Registrando 30 comandos...
[2026-03-06 13:27:48] tg_controller [INFO] run_telegram_bot:1172 - [INIT] Registrando CallbackQueryHandler para botones inline
[2026-03-06 13:27:48] tg_controller [INFO] run_telegram_bot:1175 - ✅ Telegram bot iniciado — 30 comandos + inline buttons
[2026-03-06 13:27:48] tg_controller [INFO] run_telegram_bot:1176 - [INIT] ⏳ Polling iniciado - esperando mensajes y interacciones de usuarios...
[2026-03-06 13:27:49] tg_controller [INFO] _post_init:1136 - ✅ 30 comandos registrados en BotFather
